test.localhost-test.com
dev.local-test.com
lmtpypg.dev.local-test.com
api.localhost-test.com
localhost-test.com
jepbubg.dev.local-test.com
oltmubtdow.test.localhost-test.com
brq.test.localhost-test.com
ndwmr.dev.local-test.com
ksoiksvwmn.api.localhost-test.com
ieqsmcwmlt.localhost-test.com
dkw.test.localhost-test.com
favcrsg.localhost-test.com
dgeeimnwpd.localhost-test.com
bvdpujd.dev.local-test.com
isbb.dev.local-test.com
naokergxph.api.localhost-test.com
mjdthjkfui.localhost-test.com
spdikrkvmx.localhost-test.com
ctgosnic.test.localhost-test.com
klls.api.localhost-test.com
cvbow.test.localhost-test.com
uujle.api.localhost-test.com
xrqxzhar.dev.local-test.com
lemzoc.test.localhost-test.com
nyfznujrw.api.localhost-test.com
tfobudc.api.localhost-test.com
sofcwdqujy.localhost-test.com
auvcqh.test.localhost-test.com
bflycokgcw.dev.local-test.com
yehrwhhvz.localhost-test.com
nlfs.api.localhost-test.com
sjaq.test.localhost-test.com
gfakmiar.localhost-test.com
gwnn.api.localhost-test.com
cbkmva.dev.local-test.com
fjvjzlvo.dev.local-test.com
zrryw.dev.local-test.com
tuwnr.api.localhost-test.com
ptbojovobz.dev.local-test.com
fyun.localhost-test.com
tcj.dev.local-test.com
funhyh.api.localhost-test.com
ikvmnah.test.localhost-test.com
uasbtirtb.localhost-test.com
kzbacxzmgn.test.localhost-test.com
gajpmaccm.localhost-test.com
zbhnvjpan.dev.local-test.com
ksj.dev.local-test.com
plzxt.test.localhost-test.com
vkxrxyygw.localhost-test.com
iaouptb.test.localhost-test.com
jczfx.localhost-test.com
mocjjsfjh.api.localhost-test.com
ujyugwyvm.api.localhost-test.com
jhtjxx.dev.local-test.com
ppafun.test.localhost-test.com
bfeqf.test.localhost-test.com
npqsrkosg.localhost-test.com
xysrmbjpp.dev.local-test.com
waycjsatlw.dev.local-test.com
lihkbjhywq.localhost-test.com
odmuxrutki.dev.local-test.com
kgyrnab.localhost-test.com
qroinswan.dev.local-test.com
tadkjqbe.api.localhost-test.com
hkgukntn.localhost-test.com
magcewp.localhost-test.com
insa.dev.local-test.com
ihfvc.test.localhost-test.com
lwllwom.test.localhost-test.com
dbgabyysbq.dev.local-test.com
mrlp.dev.local-test.com
uydmqk.api.localhost-test.com
ypabl.test.localhost-test.com
jkai.api.localhost-test.com
dfqziqiiv.localhost-test.com
lfrkwgyk.test.localhost-test.com
pzxvmrz.localhost-test.com
ricm.localhost-test.com
yjdsoxe.localhost-test.com
dzsedozeg.api.localhost-test.com
ussm.dev.local-test.com
ugzwz.localhost-test.com
kfv.localhost-test.com
gign.localhost-test.com
aycojloncb.test.localhost-test.com
wpcsrccrg.dev.local-test.com
tegqwcswkn.localhost-test.com
mmuelmbmc.test.localhost-test.com
sptzbh.dev.local-test.com
itbzji.dev.local-test.com
rwncd.dev.local-test.com
qugw.localhost-test.com
dnlprjp.localhost-test.com
asifyhpjl.localhost-test.com
jveigtjfjl.test.localhost-test.com
ckk.dev.local-test.com
xce.test.localhost-test.com
eogbebc.test.localhost-test.com
dtud.localhost-test.com
gvh.api.localhost-test.com
tckiaqg.api.localhost-test.com
zohlavzq.dev.local-test.com
uthztmg.localhost-test.com
yazz.dev.local-test.com
snti.localhost-test.com
mmeuufzwax.api.localhost-test.com
pnes.api.localhost-test.com
zznboj.dev.local-test.com
flg.dev.local-test.com
xtuwnz.dev.local-test.com
mtnyl.api.localhost-test.com
umafxpwn.test.localhost-test.com
uaokdrkb.test.localhost-test.com
ormdqis.api.localhost-test.com
jldl.localhost-test.com
ksluguvbm.dev.local-test.com
wpzpfzdioi.test.localhost-test.com
jvnioqjw.dev.local-test.com
uiih.api.localhost-test.com
uefhrvtel.localhost-test.com
gjc.api.localhost-test.com
kauxt.test.localhost-test.com
okg.test.localhost-test.com
ifcqes.dev.local-test.com
dmnaxar.localhost-test.com
yhbi.test.localhost-test.com
lwps.localhost-test.com
ymbukeqxo.dev.local-test.com
xsw.api.localhost-test.com
dsh.dev.local-test.com
vvxxkkkzln.api.localhost-test.com
yiq.api.localhost-test.com
inesxy.dev.local-test.com
kjgfuiancx.api.localhost-test.com
kapkppau.test.localhost-test.com
pvqk.localhost-test.com
mhztzq.dev.local-test.com
iedhb.localhost-test.com
bgcw.api.localhost-test.com
qju.localhost-test.com
qabewtuls.localhost-test.com
uhy.test.localhost-test.com
ekjwipdsgc.dev.local-test.com
kjps.api.localhost-test.com
jwfbxr.api.localhost-test.com
fwjifuq.localhost-test.com
ildqvdcu.test.localhost-test.com
ztd.api.localhost-test.com
vmhkhtf.api.localhost-test.com
lmw.test.localhost-test.com
oxgkl.dev.local-test.com
qdpocnlsxp.localhost-test.com
dxl.api.localhost-test.com
dreqxlp.api.localhost-test.com
snseshk.test.localhost-test.com
yasuqyl.test.localhost-test.com
bvzyijo.api.localhost-test.com
ziibumbj.localhost-test.com
uufbw.dev.local-test.com
pvj.localhost-test.com
cpak.dev.local-test.com
uuxtrl.localhost-test.com
fazup.localhost-test.com
hteafxnj.test.localhost-test.com
vtroqmll.localhost-test.com
uzbr.api.localhost-test.com
pdy.api.localhost-test.com
yhh.dev.local-test.com
gih.api.localhost-test.com
etdvdqx.api.localhost-test.com
hbeur.localhost-test.com
xjwfh.localhost-test.com
nedhfaaocr.dev.local-test.com
oohcne.dev.local-test.com
vyojkso.localhost-test.com
icivory.localhost-test.com
zpidlbw.dev.local-test.com
yqebwmuurg.api.localhost-test.com
ryqffy.api.localhost-test.com
gkns.localhost-test.com
djbrkm.test.localhost-test.com
outxxnb.api.localhost-test.com
fory.dev.local-test.com
lgsuunbs.test.localhost-test.com
tlgdnub.localhost-test.com
bkemcq.test.localhost-test.com
rvomqs.api.localhost-test.com
whqoi.dev.local-test.com
hizxmyt.dev.local-test.com
bekzz.dev.local-test.com
orbkninv.api.localhost-test.com
dglggi.dev.local-test.com
xwxliq.localhost-test.com
sjc.test.localhost-test.com
btycr.api.localhost-test.com
uvkxjzrow.localhost-test.com
dbj.localhost-test.com
rpo.localhost-test.com
qtw.localhost-test.com
hioeuachev.test.localhost-test.com
jqvhisf.api.localhost-test.com
cmu.dev.local-test.com
aolcg.test.localhost-test.com
