2025-03-23 test.localhost-test.com
2025-03-23 test.localhost-test.com
2025-03-23 dev.local-test.com
2025-03-23 dev.local-test.com
2025-03-23 lmtpypg.dev.local-test.com
2025-03-23 lmtpypg.dev.local-test.com
2025-03-23 api.localhost-test.com
2025-03-23 api.localhost-test.com
2025-03-23 api.localhost-test.com
2025-03-23 api.localhost-test.com
2025-03-23 localhost-test.com
2025-03-23 localhost-test.com
2025-03-23 test.localhost-test.com
2025-03-23 test.localhost-test.com
2025-03-23 jepbubg.dev.local-test.com
2025-03-23 jepbubg.dev.local-test.com
2025-03-23 oltmubtdow.test.localhost-test.com
2025-03-23 oltmubtdow.test.localhost-test.com
2025-03-23 dev.local-test.com
2025-03-23 dev.local-test.com
2025-03-23 dev.local-test.com
2025-03-23 dev.local-test.com
2025-03-24 brq.test.localhost-test.com
2025-03-24 brq.test.localhost-test.com
2025-03-24 api.localhost-test.com
2025-03-24 api.localhost-test.com
2025-03-24 ndwmr.dev.local-test.com
2025-03-24 ndwmr.dev.local-test.com
2025-03-24 dev.local-test.com
2025-03-24 dev.local-test.com
2025-03-24 api.localhost-test.com
2025-03-24 api.localhost-test.com
2025-03-24 dev.local-test.com
2025-03-24 dev.local-test.com
2025-03-24 ksoiksvwmn.api.localhost-test.com
2025-03-24 ksoiksvwmn.api.localhost-test.com
2025-03-24 test.localhost-test.com
2025-03-24 test.localhost-test.com
2025-03-24 ieqsmcwmlt.localhost-test.com
2025-03-24 ieqsmcwmlt.localhost-test.com
2025-03-24 dkw.test.localhost-test.com
2025-03-24 dkw.test.localhost-test.com
2025-03-24 favcrsg.localhost-test.com
2025-03-24 favcrsg.localhost-test.com
2025-03-24 test.localhost-test.com
2025-03-24 test.localhost-test.com
2025-03-24 dgeeimnwpd.localhost-test.com
2025-03-24 dgeeimnwpd.localhost-test.com
2025-03-24 dev.local-test.com
2025-03-24 dev.local-test.com
2025-03-24 bvdpujd.dev.local-test.com
2025-03-24 bvdpujd.dev.local-test.com
2025-03-24 dev.local-test.com
2025-03-24 dev.local-test.com
2025-03-24 isbb.dev.local-test.com
2025-03-24 isbb.dev.local-test.com
2025-03-24 test.localhost-test.com
2025-03-24 test.localhost-test.com
2025-03-24 test.localhost-test.com
2025-03-24 test.localhost-test.com
2025-03-24 test.localhost-test.com
2025-03-24 test.localhost-test.com
2025-03-24 test.localhost-test.com
2025-03-24 test.localhost-test.com
2025-03-24 naokergxph.api.localhost-test.com
2025-03-24 naokergxph.api.localhost-test.com
2025-03-24 mjdthjkfui.localhost-test.com
2025-03-24 mjdthjkfui.localhost-test.com
2025-03-24 dev.local-test.com
2025-03-24 dev.local-test.com
2025-03-24 localhost-test.com
2025-03-24 localhost-test.com
2025-03-24 spdikrkvmx.localhost-test.com
2025-03-24 spdikrkvmx.localhost-test.com
2025-03-24 ctgosnic.test.localhost-test.com
2025-03-24 ctgosnic.test.localhost-test.com
2025-03-24 dev.local-test.com
2025-03-24 dev.local-test.com
2025-03-24 api.localhost-test.com
2025-03-24 api.localhost-test.com
2025-03-24 test.localhost-test.com
2025-03-24 test.localhost-test.com
2025-03-24 test.localhost-test.com
2025-03-24 test.localhost-test.com
2025-03-24 localhost-test.com
2025-03-24 localhost-test.com
2025-03-24 test.localhost-test.com
2025-03-24 test.localhost-test.com
2025-03-24 dev.local-test.com
2025-03-24 dev.local-test.com
2025-03-24 klls.api.localhost-test.com
2025-03-24 klls.api.localhost-test.com
2025-03-24 cvbow.test.localhost-test.com
2025-03-24 cvbow.test.localhost-test.com
2025-03-24 localhost-test.com
2025-03-24 localhost-test.com
2025-03-24 uujle.api.localhost-test.com
2025-03-24 uujle.api.localhost-test.com
2025-03-24 localhost-test.com
2025-03-24 localhost-test.com
2025-03-24 api.localhost-test.com
2025-03-24 api.localhost-test.com
2025-03-24 dev.local-test.com
2025-03-24 dev.local-test.com
2025-03-24 xrqxzhar.dev.local-test.com
2025-03-24 xrqxzhar.dev.local-test.com
2025-03-24 lemzoc.test.localhost-test.com
2025-03-24 lemzoc.test.localhost-test.com
2025-03-24 localhost-test.com
2025-03-24 localhost-test.com
2025-03-24 nyfznujrw.api.localhost-test.com
2025-03-24 nyfznujrw.api.localhost-test.com
2025-03-24 tfobudc.api.localhost-test.com
2025-03-24 tfobudc.api.localhost-test.com
2025-03-24 sofcwdqujy.localhost-test.com
2025-03-24 sofcwdqujy.localhost-test.com
2025-03-24 auvcqh.test.localhost-test.com
2025-03-24 auvcqh.test.localhost-test.com
2025-03-24 localhost-test.com
2025-03-24 localhost-test.com
2025-03-24 dev.local-test.com
2025-03-24 dev.local-test.com
2025-03-24 bflycokgcw.dev.local-test.com
2025-03-24 bflycokgcw.dev.local-test.com
2025-03-24 dev.local-test.com
2025-03-24 dev.local-test.com
2025-03-24 test.localhost-test.com
2025-03-24 test.localhost-test.com
2025-03-24 yehrwhhvz.localhost-test.com
2025-03-24 yehrwhhvz.localhost-test.com
2025-03-24 nlfs.api.localhost-test.com
2025-03-24 nlfs.api.localhost-test.com
2025-03-24 dev.local-test.com
2025-03-24 dev.local-test.com
2025-03-24 localhost-test.com
2025-03-24 localhost-test.com
2025-03-24 localhost-test.com
2025-03-24 localhost-test.com
2025-03-24 sjaq.test.localhost-test.com
2025-03-24 sjaq.test.localhost-test.com
2025-03-24 localhost-test.com
2025-03-24 localhost-test.com
2025-03-24 gfakmiar.localhost-test.com
2025-03-24 gfakmiar.localhost-test.com
2025-03-24 gwnn.api.localhost-test.com
2025-03-24 gwnn.api.localhost-test.com
2025-03-24 api.localhost-test.com
2025-03-24 api.localhost-test.com
2025-03-24 cbkmva.dev.local-test.com
2025-03-24 cbkmva.dev.local-test.com
2025-03-24 localhost-test.com
2025-03-24 localhost-test.com
2025-03-24 fjvjzlvo.dev.local-test.com
2025-03-24 fjvjzlvo.dev.local-test.com
2025-03-24 zrryw.dev.local-test.com
2025-03-24 zrryw.dev.local-test.com
2025-03-24 api.localhost-test.com
2025-03-24 api.localhost-test.com
2025-03-24 dev.local-test.com
2025-03-24 dev.local-test.com
2025-03-24 test.localhost-test.com
2025-03-24 test.localhost-test.com
2025-03-24 api.localhost-test.com
2025-03-24 api.localhost-test.com
2025-03-24 tuwnr.api.localhost-test.com
2025-03-24 tuwnr.api.localhost-test.com
2025-03-24 localhost-test.com
2025-03-24 localhost-test.com
2025-03-24 api.localhost-test.com
2025-03-24 api.localhost-test.com
2025-03-24 localhost-test.com
2025-03-24 localhost-test.com
2025-03-24 test.localhost-test.com
2025-03-24 test.localhost-test.com
2025-03-24 ptbojovobz.dev.local-test.com
2025-03-24 ptbojovobz.dev.local-test.com
2025-03-24 dev.local-test.com
2025-03-24 dev.local-test.com
2025-03-24 fyun.localhost-test.com
2025-03-24 fyun.localhost-test.com
2025-03-24 api.localhost-test.com
2025-03-24 api.localhost-test.com
2025-03-24 tcj.dev.local-test.com
2025-03-24 tcj.dev.local-test.com
2025-03-24 test.localhost-test.com
2025-03-24 test.localhost-test.com
2025-03-24 dev.local-test.com
2025-03-24 dev.local-test.com
2025-03-24 test.localhost-test.com
2025-03-24 test.localhost-test.com
2025-03-24 localhost-test.com
2025-03-24 localhost-test.com
2025-03-24 funhyh.api.localhost-test.com
2025-03-24 funhyh.api.localhost-test.com
2025-03-24 ikvmnah.test.localhost-test.com
2025-03-24 ikvmnah.test.localhost-test.com
2025-03-24 localhost-test.com
2025-03-24 localhost-test.com
2025-03-24 uasbtirtb.localhost-test.com
2025-03-24 uasbtirtb.localhost-test.com
2025-03-24 kzbacxzmgn.test.localhost-test.com
2025-03-24 kzbacxzmgn.test.localhost-test.com
2025-03-24 gajpmaccm.localhost-test.com
2025-03-24 gajpmaccm.localhost-test.com
2025-03-24 localhost-test.com
2025-03-24 localhost-test.com
2025-03-24 zbhnvjpan.dev.local-test.com
2025-03-24 zbhnvjpan.dev.local-test.com
2025-03-24 localhost-test.com
2025-03-24 localhost-test.com
2025-03-24 ksj.dev.local-test.com
2025-03-24 ksj.dev.local-test.com
2025-03-24 plzxt.test.localhost-test.com
2025-03-24 plzxt.test.localhost-test.com
2025-03-24 vkxrxyygw.localhost-test.com
2025-03-24 vkxrxyygw.localhost-test.com
2025-03-24 dev.local-test.com
2025-03-24 dev.local-test.com
2025-03-24 iaouptb.test.localhost-test.com
2025-03-24 iaouptb.test.localhost-test.com
2025-03-24 dev.local-test.com
2025-03-24 dev.local-test.com
2025-03-24 dev.local-test.com
2025-03-24 dev.local-test.com
2025-03-24 api.localhost-test.com
2025-03-24 api.localhost-test.com
2025-03-24 localhost-test.com
2025-03-24 localhost-test.com
2025-03-24 jczfx.localhost-test.com
2025-03-24 jczfx.localhost-test.com
2025-03-24 test.localhost-test.com
2025-03-24 test.localhost-test.com
2025-03-24 mocjjsfjh.api.localhost-test.com
2025-03-24 mocjjsfjh.api.localhost-test.com
2025-03-24 test.localhost-test.com
2025-03-24 test.localhost-test.com
2025-03-24 api.localhost-test.com
2025-03-24 api.localhost-test.com
2025-03-24 ujyugwyvm.api.localhost-test.com
2025-03-24 ujyugwyvm.api.localhost-test.com
2025-03-24 jhtjxx.dev.local-test.com
2025-03-24 jhtjxx.dev.local-test.com
2025-03-24 localhost-test.com
2025-03-24 localhost-test.com
2025-03-24 ppafun.test.localhost-test.com
2025-03-24 ppafun.test.localhost-test.com
2025-03-24 bfeqf.test.localhost-test.com
2025-03-24 bfeqf.test.localhost-test.com
2025-03-24 npqsrkosg.localhost-test.com
2025-03-24 npqsrkosg.localhost-test.com
2025-03-24 xysrmbjpp.dev.local-test.com
2025-03-24 xysrmbjpp.dev.local-test.com
2025-03-24 api.localhost-test.com
2025-03-24 api.localhost-test.com
2025-03-24 waycjsatlw.dev.local-test.com
2025-03-24 waycjsatlw.dev.local-test.com
2025-03-24 dev.local-test.com
2025-03-24 dev.local-test.com
2025-03-24 lihkbjhywq.localhost-test.com
2025-03-24 lihkbjhywq.localhost-test.com
2025-03-24 odmuxrutki.dev.local-test.com
2025-03-24 odmuxrutki.dev.local-test.com
2025-03-24 kgyrnab.localhost-test.com
2025-03-24 kgyrnab.localhost-test.com
2025-03-24 localhost-test.com
2025-03-24 localhost-test.com
2025-03-24 qroinswan.dev.local-test.com
2025-03-24 qroinswan.dev.local-test.com
2025-03-24 tadkjqbe.api.localhost-test.com
2025-03-24 tadkjqbe.api.localhost-test.com
2025-03-24 test.localhost-test.com
2025-03-24 test.localhost-test.com
2025-03-24 localhost-test.com
2025-03-24 localhost-test.com
2025-03-24 localhost-test.com
2025-03-24 localhost-test.com
2025-03-24 api.localhost-test.com
2025-03-24 api.localhost-test.com
2025-03-24 localhost-test.com
2025-03-24 localhost-test.com
2025-03-24 hkgukntn.localhost-test.com
2025-03-24 hkgukntn.localhost-test.com
2025-03-24 api.localhost-test.com
2025-03-24 api.localhost-test.com
2025-03-24 api.localhost-test.com
2025-03-24 api.localhost-test.com
2025-03-24 magcewp.localhost-test.com
2025-03-24 magcewp.localhost-test.com
2025-03-24 localhost-test.com
2025-03-24 localhost-test.com
2025-03-24 dev.local-test.com
2025-03-24 dev.local-test.com
2025-03-24 insa.dev.local-test.com
2025-03-24 insa.dev.local-test.com
2025-03-24 dev.local-test.com
2025-03-24 dev.local-test.com
2025-03-24 ihfvc.test.localhost-test.com
2025-03-24 ihfvc.test.localhost-test.com
2025-03-24 api.localhost-test.com
2025-03-24 api.localhost-test.com
2025-03-24 lwllwom.test.localhost-test.com
2025-03-24 lwllwom.test.localhost-test.com
2025-03-24 test.localhost-test.com
2025-03-24 test.localhost-test.com
2025-03-24 localhost-test.com
2025-03-24 localhost-test.com
2025-03-24 api.localhost-test.com
2025-03-24 api.localhost-test.com
2025-03-24 dbgabyysbq.dev.local-test.com
2025-03-24 dbgabyysbq.dev.local-test.com
2025-03-24 dev.local-test.com
2025-03-24 dev.local-test.com
2025-03-24 api.localhost-test.com
2025-03-24 api.localhost-test.com
2025-03-24 mrlp.dev.local-test.com
2025-03-24 mrlp.dev.local-test.com
2025-03-24 uydmqk.api.localhost-test.com
2025-03-24 uydmqk.api.localhost-test.com
2025-03-24 ypabl.test.localhost-test.com
2025-03-24 ypabl.test.localhost-test.com
2025-03-24 jkai.api.localhost-test.com
2025-03-24 jkai.api.localhost-test.com
2025-03-24 dev.local-test.com
2025-03-24 dev.local-test.com
2025-03-24 dfqziqiiv.localhost-test.com
2025-03-24 dfqziqiiv.localhost-test.com
2025-03-24 lfrkwgyk.test.localhost-test.com
2025-03-24 lfrkwgyk.test.localhost-test.com
2025-03-24 pzxvmrz.localhost-test.com
2025-03-24 pzxvmrz.localhost-test.com
2025-03-24 dev.local-test.com
2025-03-24 dev.local-test.com
2025-03-24 test.localhost-test.com
2025-03-24 test.localhost-test.com
2025-03-24 ricm.localhost-test.com
2025-03-24 ricm.localhost-test.com
2025-03-24 localhost-test.com
2025-03-24 localhost-test.com
2025-03-24 yjdsoxe.localhost-test.com
2025-03-24 yjdsoxe.localhost-test.com
2025-03-24 test.localhost-test.com
2025-03-24 test.localhost-test.com
2025-03-24 test.localhost-test.com
2025-03-24 test.localhost-test.com
2025-03-24 dzsedozeg.api.localhost-test.com
2025-03-24 dzsedozeg.api.localhost-test.com
2025-03-24 localhost-test.com
2025-03-24 localhost-test.com
2025-03-24 api.localhost-test.com
2025-03-24 api.localhost-test.com
2025-03-24 test.localhost-test.com
2025-03-24 test.localhost-test.com
2025-03-24 ussm.dev.local-test.com
2025-03-24 ussm.dev.local-test.com
2025-03-24 ugzwz.localhost-test.com
2025-03-24 ugzwz.localhost-test.com
2025-03-24 kfv.localhost-test.com
2025-03-24 kfv.localhost-test.com
2025-03-24 localhost-test.com
2025-03-24 localhost-test.com
2025-03-24 localhost-test.com
2025-03-24 localhost-test.com
2025-03-24 localhost-test.com
2025-03-24 localhost-test.com
2025-03-24 gign.localhost-test.com
2025-03-24 gign.localhost-test.com
2025-03-24 test.localhost-test.com
2025-03-24 test.localhost-test.com
2025-03-24 aycojloncb.test.localhost-test.com
2025-03-24 aycojloncb.test.localhost-test.com
2025-03-24 test.localhost-test.com
2025-03-24 test.localhost-test.com
2025-03-24 wpcsrccrg.dev.local-test.com
2025-03-24 wpcsrccrg.dev.local-test.com
2025-03-24 dev.local-test.com
2025-03-24 dev.local-test.com
2025-03-24 tegqwcswkn.localhost-test.com
2025-03-24 tegqwcswkn.localhost-test.com
2025-03-24 mmuelmbmc.test.localhost-test.com
2025-03-24 mmuelmbmc.test.localhost-test.com
2025-03-24 test.localhost-test.com
2025-03-24 test.localhost-test.com
2025-03-24 sptzbh.dev.local-test.com
2025-03-24 sptzbh.dev.local-test.com
2025-03-24 dev.local-test.com
2025-03-24 dev.local-test.com
2025-03-24 test.localhost-test.com
2025-03-24 test.localhost-test.com
2025-03-24 dev.local-test.com
2025-03-24 dev.local-test.com
2025-03-24 itbzji.dev.local-test.com
2025-03-24 itbzji.dev.local-test.com
2025-03-24 rwncd.dev.local-test.com
2025-03-24 rwncd.dev.local-test.com
2025-03-24 dev.local-test.com
2025-03-24 dev.local-test.com
2025-03-24 test.localhost-test.com
2025-03-24 test.localhost-test.com
2025-03-24 qugw.localhost-test.com
2025-03-24 qugw.localhost-test.com
2025-03-24 test.localhost-test.com
2025-03-24 test.localhost-test.com
2025-03-24 dnlprjp.localhost-test.com
2025-03-24 dnlprjp.localhost-test.com
2025-03-24 test.localhost-test.com
2025-03-24 test.localhost-test.com
2025-03-24 asifyhpjl.localhost-test.com
2025-03-24 asifyhpjl.localhost-test.com
2025-03-24 jveigtjfjl.test.localhost-test.com
2025-03-24 jveigtjfjl.test.localhost-test.com
2025-03-24 test.localhost-test.com
2025-03-24 test.localhost-test.com
2025-03-24 ckk.dev.local-test.com
2025-03-24 ckk.dev.local-test.com
2025-03-24 xce.test.localhost-test.com
2025-03-24 xce.test.localhost-test.com
2025-03-24 test.localhost-test.com
2025-03-24 test.localhost-test.com
2025-03-24 localhost-test.com
2025-03-24 localhost-test.com
2025-03-24 test.localhost-test.com
2025-03-24 test.localhost-test.com
2025-03-24 api.localhost-test.com
2025-03-24 api.localhost-test.com
2025-03-24 dev.local-test.com
2025-03-24 dev.local-test.com
2025-03-24 eogbebc.test.localhost-test.com
2025-03-24 eogbebc.test.localhost-test.com
2025-03-24 dtud.localhost-test.com
2025-03-24 dtud.localhost-test.com
2025-03-24 gvh.api.localhost-test.com
2025-03-24 gvh.api.localhost-test.com
2025-03-24 tckiaqg.api.localhost-test.com
2025-03-24 tckiaqg.api.localhost-test.com
2025-03-24 localhost-test.com
2025-03-24 localhost-test.com
2025-03-24 zohlavzq.dev.local-test.com
2025-03-24 zohlavzq.dev.local-test.com
2025-03-25 dev.local-test.com
2025-03-25 dev.local-test.com
2025-03-25 uthztmg.localhost-test.com
2025-03-25 uthztmg.localhost-test.com
2025-03-25 api.localhost-test.com
2025-03-25 api.localhost-test.com
2025-03-25 yazz.dev.local-test.com
2025-03-25 yazz.dev.local-test.com
2025-03-25 snti.localhost-test.com
2025-03-25 snti.localhost-test.com
2025-03-25 test.localhost-test.com
2025-03-25 test.localhost-test.com
2025-03-25 api.localhost-test.com
2025-03-25 api.localhost-test.com
2025-03-25 dev.local-test.com
2025-03-25 dev.local-test.com
2025-03-25 api.localhost-test.com
2025-03-25 api.localhost-test.com
2025-03-25 mmeuufzwax.api.localhost-test.com
2025-03-25 mmeuufzwax.api.localhost-test.com
2025-03-25 pnes.api.localhost-test.com
2025-03-25 pnes.api.localhost-test.com
2025-03-25 zznboj.dev.local-test.com
2025-03-25 zznboj.dev.local-test.com
2025-03-25 flg.dev.local-test.com
2025-03-25 flg.dev.local-test.com
2025-03-25 xtuwnz.dev.local-test.com
2025-03-25 xtuwnz.dev.local-test.com
2025-03-25 mtnyl.api.localhost-test.com
2025-03-25 mtnyl.api.localhost-test.com
2025-03-25 localhost-test.com
2025-03-25 localhost-test.com
2025-03-25 dev.local-test.com
2025-03-25 dev.local-test.com
2025-03-25 umafxpwn.test.localhost-test.com
2025-03-25 umafxpwn.test.localhost-test.com
2025-03-25 test.localhost-test.com
2025-03-25 test.localhost-test.com
2025-03-25 api.localhost-test.com
2025-03-25 api.localhost-test.com
2025-03-25 uaokdrkb.test.localhost-test.com
2025-03-25 uaokdrkb.test.localhost-test.com
2025-03-25 api.localhost-test.com
2025-03-25 api.localhost-test.com
2025-03-25 ormdqis.api.localhost-test.com
2025-03-25 ormdqis.api.localhost-test.com
2025-03-25 dev.local-test.com
2025-03-25 dev.local-test.com
2025-03-25 jldl.localhost-test.com
2025-03-25 jldl.localhost-test.com
2025-03-25 ksluguvbm.dev.local-test.com
2025-03-25 ksluguvbm.dev.local-test.com
2025-03-25 wpzpfzdioi.test.localhost-test.com
2025-03-25 wpzpfzdioi.test.localhost-test.com
2025-03-25 jvnioqjw.dev.local-test.com
2025-03-25 jvnioqjw.dev.local-test.com
2025-03-25 localhost-test.com
2025-03-25 localhost-test.com
2025-03-25 localhost-test.com
2025-03-25 localhost-test.com
2025-03-25 test.localhost-test.com
2025-03-25 test.localhost-test.com
2025-03-25 api.localhost-test.com
2025-03-25 api.localhost-test.com
2025-04-03 api.localhost-test.com
2025-04-03 api.localhost-test.com
2025-04-03 localhost-test.com
2025-04-03 localhost-test.com
2025-04-03 uiih.api.localhost-test.com
2025-04-03 uiih.api.localhost-test.com
2025-04-03 uefhrvtel.localhost-test.com
2025-04-03 uefhrvtel.localhost-test.com
2025-04-03 gjc.api.localhost-test.com
2025-04-03 gjc.api.localhost-test.com
2025-04-03 dev.local-test.com
2025-04-03 dev.local-test.com
2025-04-03 test.localhost-test.com
2025-04-03 test.localhost-test.com
2025-04-03 kauxt.test.localhost-test.com
2025-04-03 kauxt.test.localhost-test.com
2025-04-03 api.localhost-test.com
2025-04-03 api.localhost-test.com
2025-04-03 api.localhost-test.com
2025-04-03 api.localhost-test.com
2025-04-03 localhost-test.com
2025-04-03 localhost-test.com
2025-04-03 test.localhost-test.com
2025-04-03 test.localhost-test.com
2025-04-03 test.localhost-test.com
2025-04-03 test.localhost-test.com
2025-04-03 okg.test.localhost-test.com
2025-04-03 okg.test.localhost-test.com
2025-04-03 localhost-test.com
2025-04-03 localhost-test.com
2025-04-03 dev.local-test.com
2025-04-03 dev.local-test.com
2025-04-03 ifcqes.dev.local-test.com
2025-04-03 ifcqes.dev.local-test.com
2025-04-03 dmnaxar.localhost-test.com
2025-04-03 dmnaxar.localhost-test.com
2025-04-03 yhbi.test.localhost-test.com
2025-04-03 yhbi.test.localhost-test.com
2025-04-03 localhost-test.com
2025-04-03 localhost-test.com
2025-04-03 lwps.localhost-test.com
2025-04-03 lwps.localhost-test.com
2025-04-03 ymbukeqxo.dev.local-test.com
2025-04-03 ymbukeqxo.dev.local-test.com
2025-04-03 xsw.api.localhost-test.com
2025-04-03 xsw.api.localhost-test.com
2025-04-03 dsh.dev.local-test.com
2025-04-03 dsh.dev.local-test.com
2025-04-03 localhost-test.com
2025-04-03 localhost-test.com
2025-04-03 vvxxkkkzln.api.localhost-test.com
2025-04-03 vvxxkkkzln.api.localhost-test.com
2025-04-03 yiq.api.localhost-test.com
2025-04-03 yiq.api.localhost-test.com
2025-04-03 localhost-test.com
2025-04-03 localhost-test.com
2025-04-03 dev.local-test.com
2025-04-03 dev.local-test.com
2025-04-03 api.localhost-test.com
2025-04-03 api.localhost-test.com
2025-04-03 inesxy.dev.local-test.com
2025-04-03 inesxy.dev.local-test.com
2025-04-03 localhost-test.com
2025-04-03 localhost-test.com
2025-04-03 kjgfuiancx.api.localhost-test.com
2025-04-03 kjgfuiancx.api.localhost-test.com
2025-04-03 localhost-test.com
2025-04-03 localhost-test.com
2025-04-03 kapkppau.test.localhost-test.com
2025-04-03 kapkppau.test.localhost-test.com
2025-04-03 test.localhost-test.com
2025-04-03 test.localhost-test.com
2025-04-03 pvqk.localhost-test.com
2025-04-03 pvqk.localhost-test.com
2025-04-03 mhztzq.dev.local-test.com
2025-04-03 mhztzq.dev.local-test.com
2025-04-03 api.localhost-test.com
2025-04-03 api.localhost-test.com
2025-04-03 iedhb.localhost-test.com
2025-04-03 iedhb.localhost-test.com
2025-04-03 bgcw.api.localhost-test.com
2025-04-03 bgcw.api.localhost-test.com
2025-04-03 dev.local-test.com
2025-04-03 dev.local-test.com
2025-04-03 api.localhost-test.com
2025-04-03 api.localhost-test.com
2025-04-03 qju.localhost-test.com
2025-04-03 qju.localhost-test.com
2025-04-03 test.localhost-test.com
2025-04-03 test.localhost-test.com
2025-04-03 qabewtuls.localhost-test.com
2025-04-03 qabewtuls.localhost-test.com
2025-04-03 uhy.test.localhost-test.com
2025-04-03 uhy.test.localhost-test.com
2025-04-03 localhost-test.com
2025-04-03 localhost-test.com
2025-04-03 ekjwipdsgc.dev.local-test.com
2025-04-03 ekjwipdsgc.dev.local-test.com
2025-04-03 kjps.api.localhost-test.com
2025-04-03 kjps.api.localhost-test.com
2025-04-03 jwfbxr.api.localhost-test.com
2025-04-03 jwfbxr.api.localhost-test.com
2025-04-03 fwjifuq.localhost-test.com
2025-04-03 fwjifuq.localhost-test.com
2025-04-03 api.localhost-test.com
2025-04-03 api.localhost-test.com
2025-04-03 api.localhost-test.com
2025-04-03 api.localhost-test.com
2025-04-03 ildqvdcu.test.localhost-test.com
2025-04-03 ildqvdcu.test.localhost-test.com
2025-04-03 ztd.api.localhost-test.com
2025-04-03 ztd.api.localhost-test.com
2025-04-03 vmhkhtf.api.localhost-test.com
2025-04-03 vmhkhtf.api.localhost-test.com
2025-04-03 lmw.test.localhost-test.com
2025-04-03 lmw.test.localhost-test.com
2025-04-03 oxgkl.dev.local-test.com
2025-04-03 oxgkl.dev.local-test.com
2025-04-03 qdpocnlsxp.localhost-test.com
2025-04-03 qdpocnlsxp.localhost-test.com
2025-04-03 api.localhost-test.com
2025-04-03 api.localhost-test.com
2025-04-03 dxl.api.localhost-test.com
2025-04-03 dxl.api.localhost-test.com
2025-04-03 api.localhost-test.com
2025-04-03 api.localhost-test.com
2025-04-03 dreqxlp.api.localhost-test.com
2025-04-03 dreqxlp.api.localhost-test.com
2025-04-03 dev.local-test.com
2025-04-03 dev.local-test.com
2025-04-03 test.localhost-test.com
2025-04-03 test.localhost-test.com
2025-04-03 test.localhost-test.com
2025-04-03 test.localhost-test.com
2025-04-03 snseshk.test.localhost-test.com
2025-04-03 snseshk.test.localhost-test.com
2025-04-03 yasuqyl.test.localhost-test.com
2025-04-03 yasuqyl.test.localhost-test.com
2025-04-03 bvzyijo.api.localhost-test.com
2025-04-03 bvzyijo.api.localhost-test.com
2025-04-03 ziibumbj.localhost-test.com
2025-04-03 ziibumbj.localhost-test.com
2025-04-03 dev.local-test.com
2025-04-03 dev.local-test.com
2025-04-03 dev.local-test.com
2025-04-03 dev.local-test.com
2025-04-03 uufbw.dev.local-test.com
2025-04-03 uufbw.dev.local-test.com
2025-04-03 pvj.localhost-test.com
2025-04-03 pvj.localhost-test.com
2025-04-03 test.localhost-test.com
2025-04-03 test.localhost-test.com
2025-04-03 localhost-test.com
2025-04-03 localhost-test.com
2025-04-03 cpak.dev.local-test.com
2025-04-03 cpak.dev.local-test.com
2025-04-03 localhost-test.com
2025-04-03 localhost-test.com
2025-04-03 uuxtrl.localhost-test.com
2025-04-03 uuxtrl.localhost-test.com
2025-04-03 fazup.localhost-test.com
2025-04-03 fazup.localhost-test.com
2025-04-03 hteafxnj.test.localhost-test.com
2025-04-03 hteafxnj.test.localhost-test.com
2025-04-03 vtroqmll.localhost-test.com
2025-04-03 vtroqmll.localhost-test.com
2025-04-03 uzbr.api.localhost-test.com
2025-04-03 uzbr.api.localhost-test.com
2025-04-03 test.localhost-test.com
2025-04-03 test.localhost-test.com
2025-04-03 pdy.api.localhost-test.com
2025-04-03 pdy.api.localhost-test.com
2025-04-03 yhh.dev.local-test.com
2025-04-03 yhh.dev.local-test.com
2025-04-03 gih.api.localhost-test.com
2025-04-03 gih.api.localhost-test.com
2025-04-03 etdvdqx.api.localhost-test.com
2025-04-03 etdvdqx.api.localhost-test.com
2025-04-03 dev.local-test.com
2025-04-03 dev.local-test.com
2025-04-03 api.localhost-test.com
2025-04-03 api.localhost-test.com
2025-04-03 hbeur.localhost-test.com
2025-04-03 hbeur.localhost-test.com
2025-04-03 xjwfh.localhost-test.com
2025-04-03 xjwfh.localhost-test.com
2025-04-03 nedhfaaocr.dev.local-test.com
2025-04-03 nedhfaaocr.dev.local-test.com
2025-04-03 dev.local-test.com
2025-04-03 dev.local-test.com
2025-04-03 dev.local-test.com
2025-04-03 dev.local-test.com
2025-04-03 api.localhost-test.com
2025-04-03 api.localhost-test.com
2025-04-03 test.localhost-test.com
2025-04-03 test.localhost-test.com
2025-04-03 dev.local-test.com
2025-04-03 dev.local-test.com
2025-04-03 api.localhost-test.com
2025-04-03 api.localhost-test.com
2025-04-03 oohcne.dev.local-test.com
2025-04-03 oohcne.dev.local-test.com
2025-04-03 api.localhost-test.com
2025-04-03 api.localhost-test.com
2025-04-03 test.localhost-test.com
2025-04-03 test.localhost-test.com
2025-04-03 localhost-test.com
2025-04-03 localhost-test.com
2025-04-03 localhost-test.com
2025-04-03 localhost-test.com
2025-04-03 vyojkso.localhost-test.com
2025-04-03 vyojkso.localhost-test.com
2025-04-03 icivory.localhost-test.com
2025-04-03 icivory.localhost-test.com
2025-04-03 zpidlbw.dev.local-test.com
2025-04-03 zpidlbw.dev.local-test.com
2025-04-03 test.localhost-test.com
2025-04-03 test.localhost-test.com
2025-04-03 yqebwmuurg.api.localhost-test.com
2025-04-03 yqebwmuurg.api.localhost-test.com
2025-04-03 ryqffy.api.localhost-test.com
2025-04-03 ryqffy.api.localhost-test.com
2025-04-03 dev.local-test.com
2025-04-03 dev.local-test.com
2025-04-03 test.localhost-test.com
2025-04-03 test.localhost-test.com
2025-04-03 localhost-test.com
2025-04-03 localhost-test.com
2025-04-03 gkns.localhost-test.com
2025-04-03 gkns.localhost-test.com
2025-04-03 localhost-test.com
2025-04-03 localhost-test.com
2025-04-03 djbrkm.test.localhost-test.com
2025-04-03 djbrkm.test.localhost-test.com
2025-04-03 outxxnb.api.localhost-test.com
2025-04-03 outxxnb.api.localhost-test.com
2025-04-03 fory.dev.local-test.com
2025-04-03 fory.dev.local-test.com
2025-04-03 lgsuunbs.test.localhost-test.com
2025-04-03 lgsuunbs.test.localhost-test.com
2025-04-03 test.localhost-test.com
2025-04-03 test.localhost-test.com
2025-04-03 tlgdnub.localhost-test.com
2025-04-03 tlgdnub.localhost-test.com
2025-04-03 api.localhost-test.com
2025-04-03 api.localhost-test.com
2025-04-03 dev.local-test.com
2025-04-03 dev.local-test.com
2025-04-03 test.localhost-test.com
2025-04-03 test.localhost-test.com
2025-04-03 bkemcq.test.localhost-test.com
2025-04-03 bkemcq.test.localhost-test.com
2025-04-03 rvomqs.api.localhost-test.com
2025-04-03 rvomqs.api.localhost-test.com
2025-04-03 whqoi.dev.local-test.com
2025-04-03 whqoi.dev.local-test.com
2025-04-03 api.localhost-test.com
2025-04-03 api.localhost-test.com
2025-04-03 test.localhost-test.com
2025-04-03 test.localhost-test.com
2025-04-03 hizxmyt.dev.local-test.com
2025-04-03 hizxmyt.dev.local-test.com
2025-04-03 bekzz.dev.local-test.com
2025-04-03 bekzz.dev.local-test.com
2025-04-03 orbkninv.api.localhost-test.com
2025-04-03 orbkninv.api.localhost-test.com
2025-04-03 dglggi.dev.local-test.com
2025-04-03 dglggi.dev.local-test.com
2025-04-03 xwxliq.localhost-test.com
2025-04-03 xwxliq.localhost-test.com
2025-04-03 sjc.test.localhost-test.com
2025-04-03 sjc.test.localhost-test.com
2025-04-03 btycr.api.localhost-test.com
2025-04-03 btycr.api.localhost-test.com
2025-04-03 api.localhost-test.com
2025-04-03 api.localhost-test.com
2025-04-03 dev.local-test.com
2025-04-03 dev.local-test.com
2025-04-03 uvkxjzrow.localhost-test.com
2025-04-03 uvkxjzrow.localhost-test.com
2025-04-03 dbj.localhost-test.com
2025-04-03 dbj.localhost-test.com
2025-04-03 rpo.localhost-test.com
2025-04-03 rpo.localhost-test.com
2025-04-03 qtw.localhost-test.com
2025-04-03 qtw.localhost-test.com
2025-04-03 hioeuachev.test.localhost-test.com
2025-04-03 hioeuachev.test.localhost-test.com
2025-04-03 jqvhisf.api.localhost-test.com
2025-04-03 jqvhisf.api.localhost-test.com
2025-04-03 api.localhost-test.com
2025-04-03 api.localhost-test.com
2025-04-03 cmu.dev.local-test.com
2025-04-03 cmu.dev.local-test.com
2025-04-03 aolcg.test.localhost-test.com
2025-04-03 aolcg.test.localhost-test.com
2025-04-03 dev.local-test.com
2025-04-03 dev.local-test.com
2025-04-03 dev.local-test.com
2025-04-03 dev.local-test.com
2025-04-03 localhost-test.com
2025-04-03 localhost-test.com
